2025-01-08T21:16:02.114Z [[32minfo[39m]: HTTP GET /
2025-01-12T16:39:20.146Z [[32minfo[39m]: HTTP GET /
2025-01-12T17:40:32.130Z [[32minfo[39m]: HTTP POST /api/login
2025-01-12T17:40:33.145Z [[32minfo[39m]: HTTP POST /api/login
2025-01-12T17:42:43.471Z [[32minfo[39m]: HTTP POST /api/login
2025-01-12T17:42:44.484Z [[32minfo[39m]: HTTP POST /api/login
2025-01-12T17:46:01.642Z [[32minfo[39m]: HTTP POST /api/login
2025-01-12T17:46:02.657Z [[32minfo[39m]: HTTP POST /api/login
2025-01-12T17:47:00.459Z [[32minfo[39m]: HTTP POST /api/auth/login
2025-01-12T17:47:01.471Z [[32minfo[39m]: HTTP POST /api/auth/login
2025-01-12T17:49:35.054Z [[32minfo[39m]: HTTP POST /api/auth/login
2025-01-12T17:49:36.069Z [[32minfo[39m]: HTTP POST /api/auth/login
2025-01-12T18:03:44.048Z [[32minfo[39m]: HTTP POST /api/auth/login
2025-01-12T20:08:18.683Z [[32minfo[39m]: HTTP POST /api/auth/login
2025-01-13T21:38:13.799Z [[32minfo[39m]: HTTP POST /api/auth/login
2025-01-13T21:48:27.905Z [[32minfo[39m]: HTTP GET /api/api/users/
2025-01-13T21:48:28.927Z [[32minfo[39m]: HTTP GET /api/api/users/
2025-01-13T21:49:01.379Z [[32minfo[39m]: HTTP GET /api/api/users/
2025-01-13T21:49:02.454Z [[32minfo[39m]: HTTP GET /api/api/users
2025-01-13T21:49:04.428Z [[32minfo[39m]: HTTP GET /api/api/users
2025-01-13T21:49:05.442Z [[32minfo[39m]: HTTP GET /api/api/users
2025-01-13T21:49:11.550Z [[32minfo[39m]: HTTP GET /api/api/users
2025-01-13T21:49:12.562Z [[32minfo[39m]: HTTP GET /api/api/users
2025-01-13T21:49:32.640Z [[32minfo[39m]: HTTP GET /api/api/users
2025-01-13T21:49:33.668Z [[32minfo[39m]: HTTP GET /api/users
2025-01-13T21:49:50.779Z [[32minfo[39m]: HTTP POST /api/auth/login
2025-01-13T21:49:54.222Z [[32minfo[39m]: HTTP GET /api/users
2025-01-13T21:50:12.140Z [[32minfo[39m]: HTTP POST /api/auth/login
2025-01-13T21:50:20.279Z [[32minfo[39m]: HTTP GET /api/users
2025-01-13T21:50:46.852Z [[32minfo[39m]: HTTP POST /api/auth/login
2025-01-13T21:50:49.735Z [[32minfo[39m]: HTTP GET /api/users
2025-01-13T21:54:27.277Z [[32minfo[39m]: HTTP POST /api/auth/login
2025-01-13T21:54:32.887Z [[32minfo[39m]: HTTP GET /api/users
2025-01-13T21:55:24.245Z [[32minfo[39m]: HTTP POST /api/auth/login
2025-01-13T21:55:27.600Z [[32minfo[39m]: HTTP GET /api/users
2025-01-13T21:55:28.609Z [[32minfo[39m]: HTTP GET /api/users
2025-01-13T21:56:05.453Z [[32minfo[39m]: HTTP GET /api/users
2025-01-13T21:56:06.478Z [[32minfo[39m]: HTTP GET /api/users
2025-01-13T21:56:20.763Z [[32minfo[39m]: HTTP GET /api/users
2025-01-13T21:56:21.770Z [[32minfo[39m]: HTTP GET /api/users
2025-01-13T21:57:08.769Z [[32minfo[39m]: HTTP GET /api/users
2025-01-13T21:57:09.779Z [[32minfo[39m]: HTTP GET /api/users
2025-01-13T21:57:20.139Z [[32minfo[39m]: HTTP GET /api/users
2025-01-13T21:57:21.151Z [[32minfo[39m]: HTTP GET /api/users
2025-01-13T21:57:24.515Z [[32minfo[39m]: HTTP GET /api/users
2025-01-13T21:57:25.528Z [[32minfo[39m]: HTTP GET /api/users
2025-01-13T21:58:06.166Z [[32minfo[39m]: HTTP GET /api/users
2025-01-13T21:58:07.174Z [[32minfo[39m]: HTTP GET /api/users
2025-01-13T21:58:14.041Z [[32minfo[39m]: HTTP GET /api/users
2025-01-13T21:58:15.055Z [[32minfo[39m]: HTTP GET /api/users
2025-01-13T21:58:55.978Z [[32minfo[39m]: HTTP GET /api/users
2025-01-13T21:58:56.991Z [[32minfo[39m]: HTTP GET /api/users
2025-01-13T21:59:18.261Z [[32minfo[39m]: HTTP GET /api/users
2025-01-13T21:59:19.278Z [[32minfo[39m]: HTTP GET /api/users
2025-01-13T21:59:25.736Z [[32minfo[39m]: HTTP GET /api/users
2025-01-13T21:59:26.746Z [[32minfo[39m]: HTTP GET /api/users
2025-01-13T21:59:39.061Z [[32minfo[39m]: HTTP GET /api/users
2025-01-13T21:59:40.078Z [[32minfo[39m]: HTTP GET /api/users
2025-01-13T22:00:01.440Z [[32minfo[39m]: HTTP GET /api/users
2025-01-13T22:00:02.459Z [[32minfo[39m]: HTTP GET /api/users
2025-01-13T22:00:31.159Z [[32minfo[39m]: HTTP GET /api/users
2025-01-13T22:00:32.187Z [[32minfo[39m]: HTTP GET /api/users
2025-01-13T22:01:49.080Z [[32minfo[39m]: HTTP GET /api/users
2025-01-13T22:01:50.094Z [[32minfo[39m]: HTTP GET /api/users
2025-01-13T22:02:04.363Z [[32minfo[39m]: HTTP GET /api/users
2025-01-13T22:02:05.371Z [[32minfo[39m]: HTTP GET /api/users
2025-01-13T22:02:35.083Z [[32minfo[39m]: HTTP POST /api/auth/login
2025-01-13T22:02:37.653Z [[32minfo[39m]: HTTP GET /api/users
2025-01-13T22:02:38.671Z [[32minfo[39m]: HTTP GET /api/users
2025-01-13T22:04:11.876Z [[32minfo[39m]: HTTP GET /api/users
2025-01-13T22:04:12.886Z [[32minfo[39m]: HTTP GET /api/users
2025-01-13T22:08:37.541Z [[32minfo[39m]: HTTP GET /api/users
2025-01-13T22:08:38.556Z [[32minfo[39m]: HTTP GET /api/users
2025-01-13T22:09:03.635Z [[32minfo[39m]: HTTP POST /api/auth/login
2025-01-13T22:09:12.244Z [[32minfo[39m]: HTTP GET /api/users
2025-01-13T22:09:13.254Z [[32minfo[39m]: HTTP GET /api/users
2025-01-13T22:10:49.821Z [[32minfo[39m]: HTTP GET /api/users
2025-01-13T22:10:50.836Z [[32minfo[39m]: HTTP GET /api/users
2025-01-13T22:11:56.322Z [[32minfo[39m]: HTTP GET /api/users
2025-01-13T22:17:25.877Z [[32minfo[39m]: HTTP GET /api/users
2025-01-13T22:17:29.830Z [[32minfo[39m]: HTTP GET /api/users
2025-01-14T07:17:04.236Z [[32minfo[39m]: HTTP GET /api/users
2025-01-14T09:47:34.613Z [[32minfo[39m]: HTTP POST /api/auth/login
2025-01-14T09:47:56.113Z [[32minfo[39m]: HTTP POST /api/auth/login
2025-01-14T19:28:54.005Z [[32minfo[39m]: HTTP POST /api/auth/login
2025-01-14T19:42:28.143Z [[32minfo[39m]: HTTP POST /api/auth/login
2025-01-14T19:47:33.943Z [[32minfo[39m]: HTTP POST /api/auth/login
2025-01-14T19:50:39.900Z [[32minfo[39m]: HTTP POST /api/auth/login
2025-01-14T19:51:31.349Z [[32minfo[39m]: HTTP GET /api/users
2025-01-14T19:57:30.791Z [[32minfo[39m]: HTTP GET /api/users
2025-01-14T20:21:58.061Z [[32minfo[39m]: HTTP GET /api/users
2025-01-14T20:30:44.364Z [[32minfo[39m]: HTTP GET /api/users
2025-01-14T20:35:47.471Z [[32minfo[39m]: HTTP GET /api/users
2025-01-14T20:38:31.986Z [[32minfo[39m]: HTTP GET /api/users
2025-01-14T20:40:06.394Z [[32minfo[39m]: HTTP GET /api/users
2025-01-14T20:50:00.975Z [[32minfo[39m]: HTTP GET /api/users
2025-01-14T20:52:57.307Z [[32minfo[39m]: HTTP GET /api/users
2025-01-14T20:53:24.952Z [[32minfo[39m]: HTTP POST /api/auth/login
2025-01-14T20:58:47.948Z [[32minfo[39m]: HTTP GET /api/users
2025-01-14T21:04:23.427Z [[32minfo[39m]: HTTP GET /api/users
2025-01-14T21:04:54.070Z [[32minfo[39m]: HTTP POST /api/users
2025-01-14T21:04:55.084Z [[32minfo[39m]: HTTP POST /api/users
2025-01-14T21:05:20.903Z [[32minfo[39m]: HTTP POST /api/users
2025-01-14T21:05:21.913Z [[32minfo[39m]: HTTP POST /api/users
2025-01-14T21:09:46.376Z [[32minfo[39m]: HTTP GET /api/users
2025-01-14T21:10:06.446Z [[32minfo[39m]: HTTP POST /api/users
2025-01-14T21:10:06.450Z [[32minfo[39m]: HTTP GET /api/users
2025-01-14T21:19:20.460Z [[32minfo[39m]: HTTP GET /api/users
2025-01-14T21:19:25.825Z [[32minfo[39m]: HTTP GET /api/users
2025-01-14T21:21:37.346Z [[32minfo[39m]: HTTP GET /api/users
2025-01-14T21:24:58.839Z [[32minfo[39m]: HTTP GET /api/users
2025-01-14T21:30:08.245Z [[32minfo[39m]: HTTP GET /api/users
2025-01-14T21:35:55.285Z [[32minfo[39m]: HTTP GET /api/users
2025-01-14T21:35:58.362Z [[32minfo[39m]: HTTP GET /api/users
2025-01-14T21:36:47.343Z [[32minfo[39m]: HTTP PUT /api/users/3
2025-01-14T21:36:47.349Z [[32minfo[39m]: HTTP GET /api/users
2025-01-14T21:39:45.544Z [[32minfo[39m]: HTTP GET /api/users
2025-01-14T21:39:48.491Z [[32minfo[39m]: HTTP PUT /api/users/3
2025-01-14T21:39:48.498Z [[32minfo[39m]: HTTP GET /api/users
2025-01-14T21:39:56.864Z [[32minfo[39m]: HTTP PUT /api/users/3
2025-01-14T21:39:56.869Z [[32minfo[39m]: HTTP GET /api/users
2025-01-14T21:41:19.673Z [[32minfo[39m]: HTTP GET /api/users
2025-01-14T21:44:12.491Z [[32minfo[39m]: HTTP GET /api/users
2025-01-18T16:38:26.990Z [[32minfo[39m]: HTTP GET /api/users
2025-01-18T16:38:31.817Z [[32minfo[39m]: HTTP GET /api/users
2025-01-18T16:38:45.413Z [[32minfo[39m]: HTTP GET /api/users
2025-01-18T18:17:17.454Z [[32minfo[39m]: HTTP GET /api/users
2025-01-18T18:22:27.792Z [[32minfo[39m]: HTTP GET /api/users
2025-01-19T13:23:00.255Z [[32minfo[39m]: HTTP POST /api/auth/login
2025-01-19T13:23:27.332Z [[32minfo[39m]: HTTP GET /api/users
2025-01-19T13:23:53.027Z [[32minfo[39m]: HTTP POST /api/users
2025-01-19T13:23:53.034Z [[32minfo[39m]: HTTP GET /api/users
2025-01-19T13:24:56.331Z [[32minfo[39m]: HTTP DELETE /api/users/4
2025-01-19T13:24:56.338Z [[32minfo[39m]: HTTP GET /api/users
2025-01-19T13:35:02.224Z [[32minfo[39m]: HTTP GET /api/users
2025-01-19T14:11:49.507Z [[32minfo[39m]: HTTP GET /api/users
2025-01-19T14:11:56.857Z [[32minfo[39m]: HTTP GET /api/users
2025-01-19T14:29:55.515Z [[32minfo[39m]: HTTP POST /api/auth/login
2025-01-19T15:46:22.665Z [[32minfo[39m]: HTTP POST /api/auth/login
2025-01-19T15:51:14.327Z [[32minfo[39m]: HTTP GET /api/users
2025-01-19T20:01:54.604Z [[32minfo[39m]: HTTP POST /api/auth/login
2025-01-19T20:01:56.958Z [[32minfo[39m]: HTTP GET /api/users
2025-01-19T21:09:12.756Z [[32minfo[39m]: HTTP POST /api/auth/login
2025-01-19T21:09:14.826Z [[32minfo[39m]: HTTP GET /api/users
2025-01-19T22:01:58.169Z [[32minfo[39m]: HTTP GET /api/users
2025-01-19T22:13:03.039Z [[32minfo[39m]: HTTP POST /api/auth/login
2025-01-19T22:13:05.320Z [[32minfo[39m]: HTTP GET /api/users
2025-01-23T22:27:12.478Z [[32minfo[39m]: HTTP POST /api/auth/login
2025-01-23T22:27:17.017Z [[32minfo[39m]: HTTP GET /api/users
2025-01-23T22:27:26.249Z [[32minfo[39m]: HTTP PUT /api/users/2
2025-01-23T22:27:26.261Z [[32minfo[39m]: HTTP GET /api/users
2025-01-23T22:27:42.016Z [[32minfo[39m]: HTTP PUT /api/users/2
2025-01-23T22:27:42.022Z [[32minfo[39m]: HTTP GET /api/users
2025-01-23T22:27:46.942Z [[32minfo[39m]: HTTP GET /api/users
2025-01-25T12:16:43.403Z [[32minfo[39m]: HTTP POST /api/auth/login
2025-01-25T12:16:44.782Z [[32minfo[39m]: HTTP POST /api/auth/login
2025-01-25T13:26:08.305Z [[32minfo[39m]: HTTP POST /api/auth/login
2025-01-25T14:41:52.856Z [[32minfo[39m]: HTTP POST /api/auth/login
2025-01-25T15:52:56.476Z [[32minfo[39m]: HTTP GET /api/users
2025-01-25T15:52:58.463Z [[32minfo[39m]: HTTP GET /api/users
2025-01-25T15:52:59.985Z [[32minfo[39m]: HTTP GET /api/users
2025-01-25T15:53:03.889Z [[32minfo[39m]: HTTP GET /api/users
2025-01-25T15:53:13.438Z [[32minfo[39m]: HTTP GET /api/users
2025-01-25T15:54:47.987Z [[32minfo[39m]: HTTP GET /api/users
2025-01-25T15:55:03.047Z [[32minfo[39m]: HTTP GET /api/users
2025-01-25T22:05:14.479Z [[32minfo[39m]: HTTP GET /api/users
2025-01-26T11:11:26.413Z [[32minfo[39m]: HTTP GET /api/users
2025-01-26T11:11:27.420Z [[32minfo[39m]: HTTP GET /api/users
2025-01-26T14:42:34.094Z [[32minfo[39m]: HTTP GET /api/users
2025-01-26T14:42:37.890Z [[32minfo[39m]: HTTP GET /api/users
2025-01-26T14:42:59.117Z [[32minfo[39m]: HTTP GET /api/users
2025-01-26T14:44:19.894Z [[32minfo[39m]: HTTP GET /api/users
2025-01-26T14:45:58.649Z [[32minfo[39m]: HTTP GET /api/users
2025-01-26T14:46:05.571Z [[32minfo[39m]: HTTP GET /api/users
2025-01-26T14:47:02.068Z [[32minfo[39m]: HTTP GET /api/users
2025-01-26T14:48:40.558Z [[32minfo[39m]: HTTP GET /api/users
2025-01-26T14:48:42.158Z [[32minfo[39m]: HTTP GET /api/users
2025-01-26T14:48:43.621Z [[32minfo[39m]: HTTP GET /api/users
2025-01-26T14:48:52.510Z [[32minfo[39m]: HTTP GET /api/users
2025-01-26T15:01:38.266Z [[32minfo[39m]: HTTP GET /api/users
2025-01-26T15:01:56.456Z [[32minfo[39m]: HTTP GET /api/users
2025-01-26T15:02:08.158Z [[32minfo[39m]: HTTP GET /api/users
2025-01-26T15:02:42.956Z [[32minfo[39m]: HTTP GET /api/users
2025-01-26T15:05:20.002Z [[32minfo[39m]: HTTP GET /api/users
2025-01-26T15:08:43.791Z [[32minfo[39m]: HTTP GET /api/users
2025-01-26T15:08:45.210Z [[32minfo[39m]: HTTP GET /api/users
2025-01-26T15:08:46.290Z [[32minfo[39m]: HTTP GET /api/users
2025-01-26T15:08:47.131Z [[32minfo[39m]: HTTP GET /api/users
2025-01-26T15:08:47.761Z [[32minfo[39m]: HTTP GET /api/users
2025-01-26T15:08:48.582Z [[32minfo[39m]: HTTP GET /api/users
2025-01-26T15:08:49.502Z [[32minfo[39m]: HTTP GET /api/users
2025-01-26T15:10:00.934Z [[32minfo[39m]: HTTP GET /api/users
2025-01-26T15:10:05.784Z [[32minfo[39m]: HTTP GET /api/users
2025-01-26T15:12:10.423Z [[32minfo[39m]: HTTP GET /api/users
2025-01-26T15:12:15.399Z [[32minfo[39m]: HTTP GET /api/users
2025-01-26T15:12:16.965Z [[32minfo[39m]: HTTP GET /api/users
2025-01-26T15:12:17.613Z [[32minfo[39m]: HTTP GET /api/users
2025-01-26T15:12:17.851Z [[32minfo[39m]: HTTP GET /api/users
2025-01-26T15:12:18.116Z [[32minfo[39m]: HTTP GET /api/users
2025-01-26T15:12:18.429Z [[32minfo[39m]: HTTP GET /api/users
2025-01-26T15:12:18.884Z [[32minfo[39m]: HTTP GET /api/users
2025-01-26T15:12:19.177Z [[32minfo[39m]: HTTP GET /api/users
2025-01-26T15:12:19.481Z [[32minfo[39m]: HTTP GET /api/users
2025-01-26T15:12:44.814Z [[32minfo[39m]: HTTP GET /api/users
2025-01-26T15:14:09.630Z [[32minfo[39m]: HTTP GET /api/users
2025-01-26T15:38:28.823Z [[32minfo[39m]: HTTP GET /api/users
2025-01-26T15:39:02.371Z [[32minfo[39m]: HTTP GET /api/users
2025-01-26T15:39:39.716Z [[32minfo[39m]: HTTP GET /api/users
2025-01-28T08:59:10.553Z [[32minfo[39m]: HTTP GET /
2025-01-28T08:59:23.760Z [[32minfo[39m]: HTTP GET //api/swagger-docs
2025-01-28T08:59:33.842Z [[32minfo[39m]: HTTP POST /auth/login
2025-01-28T08:59:50.499Z [[32minfo[39m]: HTTP POST /auth/login
2025-01-28T09:02:23.149Z [[32minfo[39m]: HTTP POST /api/auth/login
2025-01-28T09:04:29.565Z [[32minfo[39m]: HTTP POST /api/auth/login
2025-01-28T09:46:06.245Z [[32minfo[39m]: HTTP GET /api/users
2025-01-28T09:46:07.377Z [[32minfo[39m]: HTTP GET /api/users
2025-01-28T09:46:14.508Z [[32minfo[39m]: HTTP GET /api/users
2025-01-28T09:46:15.632Z [[32minfo[39m]: HTTP GET /api/users
2025-01-28T09:46:34.327Z [[32minfo[39m]: HTTP GET /api/users
2025-01-28T09:46:35.460Z [[32minfo[39m]: HTTP GET /api/users
2025-01-28T09:47:03.509Z [[32minfo[39m]: HTTP GET /api/users
2025-01-28T09:47:10.685Z [[32minfo[39m]: HTTP GET /api/users
